c:\users\aoi\source\repos\mfc_cv\mfc_project\x64\debug\vc143.pdb
c:\users\aoi\source\repos\mfc_cv\mfc_project\x64\debug\vc143.idb
c:\users\aoi\source\repos\mfc_cv\mfc_project\x64\debug\setting_dialog.obj
c:\users\aoi\source\repos\mfc_cv\mfc_project\x64\debug\ini_manager.obj
c:\users\aoi\source\repos\mfc_cv\mfc_project\x64\debug\image_process_dialog.obj
c:\users\aoi\source\repos\mfc_cv\mfc_project\x64\debug\myapp.obj
c:\users\aoi\source\repos\mfc_cv\mfc_project\x64\debug\sharedmemory.obj
c:\users\aoi\source\repos\mfc_cv\mfc_project\x64\debug\resource.res
c:\users\aoi\source\repos\mfc_cv\mfc_project\x64\debug\mfc_project.ilk
c:\users\aoi\source\repos\mfc_cv\mfc_project\x64\debug\language_file.obj
c:\users\aoi\source\repos\mfc_cv\x64\debug\mfc_project.pdb
c:\users\aoi\source\repos\mfc_cv\mfc_project\x64\debug\mfc_project.tlog\cl.command.1.tlog
c:\users\aoi\source\repos\mfc_cv\mfc_project\x64\debug\mfc_project.tlog\cl.items.tlog
c:\users\aoi\source\repos\mfc_cv\mfc_project\x64\debug\mfc_project.tlog\cl.read.1.tlog
c:\users\aoi\source\repos\mfc_cv\mfc_project\x64\debug\mfc_project.tlog\cl.write.1.tlog
c:\users\aoi\source\repos\mfc_cv\mfc_project\x64\debug\mfc_project.tlog\link-cvtres.read.1.tlog
c:\users\aoi\source\repos\mfc_cv\mfc_project\x64\debug\mfc_project.tlog\link-cvtres.write.1.tlog
c:\users\aoi\source\repos\mfc_cv\mfc_project\x64\debug\mfc_project.tlog\link-mt.read.1.tlog
c:\users\aoi\source\repos\mfc_cv\mfc_project\x64\debug\mfc_project.tlog\link-mt.write.1.tlog
c:\users\aoi\source\repos\mfc_cv\mfc_project\x64\debug\mfc_project.tlog\link-rc.read.1.tlog
c:\users\aoi\source\repos\mfc_cv\mfc_project\x64\debug\mfc_project.tlog\link-rc.write.1.tlog
c:\users\aoi\source\repos\mfc_cv\mfc_project\x64\debug\mfc_project.tlog\link.29712-cvtres.read.1.tlog
c:\users\aoi\source\repos\mfc_cv\mfc_project\x64\debug\mfc_project.tlog\link.29712-cvtres.write.1.tlog
c:\users\aoi\source\repos\mfc_cv\mfc_project\x64\debug\mfc_project.tlog\link.29712-mt.read.1.tlog
c:\users\aoi\source\repos\mfc_cv\mfc_project\x64\debug\mfc_project.tlog\link.29712-mt.write.1.tlog
c:\users\aoi\source\repos\mfc_cv\mfc_project\x64\debug\mfc_project.tlog\link.29712-rc.read.1.tlog
c:\users\aoi\source\repos\mfc_cv\mfc_project\x64\debug\mfc_project.tlog\link.29712-rc.write.1.tlog
c:\users\aoi\source\repos\mfc_cv\mfc_project\x64\debug\mfc_project.tlog\link.29712.read.1.tlog
c:\users\aoi\source\repos\mfc_cv\mfc_project\x64\debug\mfc_project.tlog\link.29712.read.2.tlog
c:\users\aoi\source\repos\mfc_cv\mfc_project\x64\debug\mfc_project.tlog\link.29712.write.1.tlog
c:\users\aoi\source\repos\mfc_cv\mfc_project\x64\debug\mfc_project.tlog\link.command.1.tlog
c:\users\aoi\source\repos\mfc_cv\mfc_project\x64\debug\mfc_project.tlog\link.read.1.tlog
c:\users\aoi\source\repos\mfc_cv\mfc_project\x64\debug\mfc_project.tlog\link.read.2.tlog
c:\users\aoi\source\repos\mfc_cv\mfc_project\x64\debug\mfc_project.tlog\link.secondary.1.tlog
c:\users\aoi\source\repos\mfc_cv\mfc_project\x64\debug\mfc_project.tlog\link.write.1.tlog
c:\users\aoi\source\repos\mfc_cv\mfc_project\x64\debug\mfc_project.tlog\rc.command.1.tlog
c:\users\aoi\source\repos\mfc_cv\mfc_project\x64\debug\mfc_project.tlog\rc.read.1.tlog
c:\users\aoi\source\repos\mfc_cv\mfc_project\x64\debug\mfc_project.tlog\rc.write.1.tlog
